#
# A fatal error has been detected by the Java Runtime Environment:
#
#  Internal Error (javaClasses.cpp:136), pid=5448, tid=6080
#  fatal error: Invalid layout of preloaded class
#
# JRE version:  (7.0_65-b19) (build )
# Java VM: Java HotSpot(TM) Client VM (24.65-b04 mixed mode windows-x86 )
# Failed to write core dump. Minidumps are not enabled by default on client versions of Windows
#
# If you would like to submit a bug report, please visit:
#   http://bugreport.sun.com/bugreport/crash.jsp
#

---------------  T H R E A D  ---------------

Current thread (0x0086a000):  JavaThread "Unknown thread" [_thread_in_vm, id=6080, stack(0x00950000,0x009a0000)]

Stack: [0x00950000,0x009a0000],  sp=0x0099faf4,  free space=318k
Native frames: (J=compiled Java code, j=interpreted, Vv=VM code, C=native code)
V  [jvm.dll+0x190494]
V  [jvm.dll+0x18a116]
V  [jvm.dll+0x35d7a]
V  [jvm.dll+0x35e06]
V  [jvm.dll+0x4465d]
V  [jvm.dll+0x4490e]
V  [jvm.dll+0x92f8a]
V  [jvm.dll+0x9333b]
V  [jvm.dll+0x13fa31]
V  [jvm.dll+0x1626fc]
V  [jvm.dll+0xc9d6f]
C  [javaw.exe+0x13ce]
C  [javaw.exe+0x1e40]
C  [javaw.exe+0xa601]
C  [javaw.exe+0xa68b]
C  [kernel32.dll+0xb729]


---------------  P R O C E S S  ---------------

Java Threads: ( => current thread )

Other Threads:

=>0x0086a000 (exited) JavaThread "Unknown thread" [_thread_in_vm, id=6080, stack(0x00950000,0x009a0000)]

VM state:not at safepoint (not fully initialized)

VM Mutex/Monitor currently owned by a thread: None

GC Heap History (0 events):
No events

Deoptimization events (0 events):
No events

Internal exceptions (0 events):
No events

Events (10 events):
Event: 0.041 loading class 0x02a67f48 done
Event: 0.041 loading class 0x02a679d8 done
Event: 0.041 loading class 0x02a679b8
Event: 0.041 loading class 0x02a6ed68
Event: 0.055 loading class 0x02a6ed68 done
Event: 0.055 loading class 0x02a6ed98
Event: 0.055 loading class 0x02a6ed98 done
Event: 0.055 loading class 0x02a6edc8
Event: 0.055 loading class 0x02a6edc8 done
Event: 0.055 loading class 0x02a679b8 done


Dynamic libraries:
0x00400000 - 0x0042f000 	C:\Program Files\Java\jdk1.7.0_65\bin\javaw.exe
0x7c920000 - 0x7c9b6000 	C:\WINDOWS\system32\ntdll.dll
0x7c800000 - 0x7c91e000 	C:\WINDOWS\system32\kernel32.dll
0x77da0000 - 0x77e49000 	C:\WINDOWS\system32\ADVAPI32.dll
0x77e50000 - 0x77ee3000 	C:\WINDOWS\system32\RPCRT4.dll
0x77fc0000 - 0x77fd1000 	C:\WINDOWS\system32\Secur32.dll
0x77d10000 - 0x77da0000 	C:\WINDOWS\system32\USER32.dll
0x77ef0000 - 0x77f39000 	C:\WINDOWS\system32\GDI32.dll
0x77180000 - 0x77283000 	C:\WINDOWS\WinSxS\x86_Microsoft.Windows.Common-Controls_6595b64144ccf1df_6.0.2600.6028_x-ww_61e65202\COMCTL32.dll
0x77be0000 - 0x77c38000 	C:\WINDOWS\system32\msvcrt.dll
0x77f40000 - 0x77fb6000 	C:\WINDOWS\system32\SHLWAPI.dll
0x76300000 - 0x7631d000 	C:\WINDOWS\system32\IMM32.DLL
0x62c20000 - 0x62c29000 	C:\WINDOWS\system32\LPK.DLL
0x73fa0000 - 0x7400b000 	C:\WINDOWS\system32\USP10.dll
0x78aa0000 - 0x78b5f000 	C:\Program Files\Java\jdk1.7.0_65\jre\bin\msvcr100.dll
0x6e8a0000 - 0x6ec28000 	C:\Program Files\Java\jdk1.7.0_65\jre\bin\client\jvm.dll
0x71a40000 - 0x71a4b000 	C:\WINDOWS\system32\WSOCK32.dll
0x71a20000 - 0x71a37000 	C:\WINDOWS\system32\WS2_32.dll
0x71a10000 - 0x71a18000 	C:\WINDOWS\system32\WS2HELP.dll
0x76b10000 - 0x76b3a000 	C:\WINDOWS\system32\WINMM.dll
0x76bc0000 - 0x76bcb000 	C:\WINDOWS\system32\PSAPI.DLL
0x6e7f0000 - 0x6e7fc000 	C:\Program Files\Java\jdk1.7.0_65\jre\bin\verify.dll
0x6d590000 - 0x6d5b0000 	C:\Program Files\Java\jdk1.7.0_65\jre\bin\java.dll
0x6e880000 - 0x6e893000 	C:\Program Files\Java\jdk1.7.0_65\jre\bin\zip.dll
0x68d60000 - 0x68e01000 	C:\WINDOWS\system32\dbghelp.dll
0x77bd0000 - 0x77bd8000 	C:\WINDOWS\system32\VERSION.dll

VM Arguments:
jvm_args: -Dfile.encoding=GBK -Xbootclasspath:D:\android-sdk\platforms\android-22\android.jar 
java_command: com.murphy.Test
Launcher Type: SUN_STANDARD

Environment Variables:
JAVA_HOME=C:\Program Files\Java\jdk1.7.0_65
CLASSPATH=.;
PATH=C:/Program Files/Java/jdk1.7.0_65/bin/../jre/bin/client;C:/Program Files/Java/jdk1.7.0_65/bin/../jre/bin;C:/Program Files/Java/jdk1.7.0_65/bin/../jre/lib/i386;C:\Program Files\Git\git-cheetah\..\bin;C:\Program Files\Git\git-cheetah\..\bin;C:\Program Files\Common Files\NetSarang;C:\Program Files\Java\jdk1.7.0_65\bin;D:\oracle\product\10.2.0\db_1\bin;${JAVA_HOME}/bin;C:\WINDOWS\system32;C:\WINDOWS;C:\WINDOWS\System32\Wbem;C:\Program Files\Subversion\bin;C:\Program Files\TortoiseSVN\bin;C:\Program Files\MySQL\MySQL Server 5.5\bin;C:\ProgramData\MySQL\MySQL Server 5.5\bin;C:\Program Files\nodejs\;C:\Documents and Settings\Administrator\Application Data\npm;E:\tangb\file\eclipse\eclipse-SDK-4.4.1-win32\eclipse;
USERNAME=Administrator
OS=Windows_NT
PROCESSOR_IDENTIFIER=x86 Family 6 Model 23 Stepping 10, GenuineIntel



---------------  S Y S T E M  ---------------

OS: Windows XP Build 2600 Service Pack 3

CPU:total 2 (2 cores per cpu, 1 threads per core) family 6 model 23 stepping 10, cmov, cx8, fxsr, mmx, sse, sse2, sse3, ssse3, tsc

Memory: 4k page, physical 1963180k(673124k free), swap 3186296k(1091284k free)

vm_info: Java HotSpot(TM) Client VM (24.65-b04) for windows-x86 JRE (1.7.0_65-b19), built on Jul  9 2014 18:04:11 by "java_re" with unknown MS VC++:1600

time: Thu Sep 17 17:23:49 2015
elapsed time: 0 seconds

